Using pre-set license
Built from '2021.3/staging' branch; Version is '2021.3.10f1 (1c7d0df0160b) revision 1867021'; Using compiler version '192829333'; Build Type 'Release'
OS: 'Windows 10  (10.0.19045) 64bit Enterprise' Language: 'tr' Physical Memory: 8073 MB
BatchMode: 1, IsHumanControllingUs: 0, StartBugReporterOnCrash: 0, Is64bit: 1, IsPro: 1

COMMAND LINE ARGUMENTS:
C:\Program Files\Unity\Hub\Editor\2021.3.10f1\Editor\Unity.exe
-adb2
-batchMode
-noUpm
-name
AssetImportWorker0
-projectPath
C:/Users/halim/Desktop/proje/kule2
-logFile
Logs/AssetImportWorker0.log
-srvPort
60121
Successfully changed project path to: C:/Users/halim/Desktop/proje/kule2
C:/Users/halim/Desktop/proje/kule2
[UnityMemory] Configuration Parameters - Can be set up in boot.config
    "memorysetup-bucket-allocator-granularity=16"
    "memorysetup-bucket-allocator-bucket-count=8"
    "memorysetup-bucket-allocator-block-size=33554432"
    "memorysetup-bucket-allocator-block-count=8"
    "memorysetup-main-allocator-block-size=16777216"
    "memorysetup-thread-allocator-block-size=16777216"
    "memorysetup-gfx-main-allocator-block-size=16777216"
    "memorysetup-gfx-thread-allocator-block-size=16777216"
    "memorysetup-cache-allocator-block-size=4194304"
    "memorysetup-typetree-allocator-block-size=2097152"
    "memorysetup-profiler-bucket-allocator-granularity=16"
    "memorysetup-profiler-bucket-allocator-bucket-count=8"
    "memorysetup-profiler-bucket-allocator-block-size=33554432"
    "memorysetup-profiler-bucket-allocator-block-count=8"
    "memorysetup-profiler-allocator-block-size=16777216"
    "memorysetup-profiler-editor-allocator-block-size=1048576"
    "memorysetup-temp-allocator-size-main=16777216"
    "memorysetup-job-temp-allocator-block-size=2097152"
    "memorysetup-job-temp-allocator-block-size-background=1048576"
    "memorysetup-job-temp-allocator-reduction-small-platforms=262144"
    "memorysetup-temp-allocator-size-background-worker=32768"
    "memorysetup-temp-allocator-size-job-worker=262144"
    "memorysetup-temp-allocator-size-preload-manager=33554432"
    "memorysetup-temp-allocator-size-nav-mesh-worker=65536"
    "memorysetup-temp-allocator-size-audio-worker=65536"
    "memorysetup-temp-allocator-size-cloud-worker=32768"
    "memorysetup-temp-allocator-size-gi-baking-worker=262144"
    "memorysetup-temp-allocator-size-gfx=262144"
Refreshing native plugins compatible for Editor in 93.40 ms, found 3 plugins.
Preloading 0 native plugins for Editor in 0.00 ms.
Initialize engine version: 2021.3.10f1 (1c7d0df0160b)
[Subsystems] Discovering subsystems at path C:/Program Files/Unity/Hub/Editor/2021.3.10f1/Editor/Data/Resources/UnitySubsystems
[Subsystems] Discovering subsystems at path C:/Users/halim/Desktop/proje/kule2/Assets
GfxDevice: creating device client; threaded=0; jobified=0
Direct3D:
    Version:  Direct3D 11.0 [level 11.0]
    Renderer: NVIDIA Quadro K3100M (ID=0x11b6)
    Vendor:   NVIDIA
    VRAM:     4052 MB
    Driver:   23.21.13.9065
Initialize mono
Mono path[0] = 'C:/Program Files/Unity/Hub/Editor/2021.3.10f1/Editor/Data/Managed'
Mono path[1] = 'C:/Program Files/Unity/Hub/Editor/2021.3.10f1/Editor/Data/MonoBleedingEdge/lib/mono/unityjit-win32'
Mono config path = 'C:/Program Files/Unity/Hub/Editor/2021.3.10f1/Editor/Data/MonoBleedingEdge/etc'
Using monoOptions --debugger-agent=transport=dt_socket,embedding=1,server=y,suspend=n,address=127.0.0.1:56492
Begin MonoManager ReloadAssembly
Registering precompiled unity dll's ...
Register platform support module: C:/Program Files/Unity/Hub/Editor/2021.3.10f1/Editor/Data/PlaybackEngines/AndroidPlayer/UnityEditor.Android.Extensions.dll
Register platform support module: C:/Program Files/Unity/Hub/Editor/2021.3.10f1/Editor/Data/PlaybackEngines/WindowsStandaloneSupport/UnityEditor.WindowsStandalone.Extensions.dll
Registered in 0.016330 seconds.
Native extension for WindowsStandalone target not found
Native extension for Android target not found
Android SDK Build-tools component is not found. Make sure all tools are installed in the SDK manager. Latest supported build-tools version is 30.0.3
UnityEngine.StackTraceUtility:ExtractStackTrace ()
UnityEngine.DebugLogHandler:LogFormat (UnityEngine.LogType,UnityEngine.Object,string,object[])
UnityEngine.Logger:Log (UnityEngine.LogType,object)
UnityEngine.Debug:LogError (object)
UnityEditor.Android.AndroidSDKTools:UpdateToolsDirectories ()
UnityEditor.Android.AndroidSDKTools:.ctor (string)
UnityEditor.Android.AndroidSDKTools:CreateAndroidSDKTools (string)
UnityEditor.Android.AndroidSDKTools:GetInstance<UnityEditor.Android.AndroidSDKTools> (UnityEditor.Android.AndroidSDKTools/InstanceCreator)
UnityEditor.Android.AndroidSDKTools:GetInstance ()
UnityEditor.Android.AndroidDeploymentTargetsExtension:GetMainThreadContext (bool)
UnityEditor.Android.TargetExtension:OnUsbDevicesChanged (UnityEditor.Hardware.UsbDevice[])
UnityEditor.Android.TargetExtension:OnLoad ()
UnityEditor.Modules.ModuleManager:InitializePlatformSupportModules ()

Refreshing native plugins compatible for Editor in 108.94 ms, found 3 plugins.
Preloading 0 native plugins for Editor in 0.00 ms.
Mono: successfully reloaded assembly
- Completed reload, in  0.981 seconds
Domain Reload Profiling:
	ReloadAssembly (981ms)
		BeginReloadAssembly (105ms)
			ExecutionOrderSort (0ms)
			DisableScriptedObjects (0ms)
			BackupInstance (0ms)
			ReleaseScriptingObjects (0ms)
			CreateAndSetChildDomain (1ms)
		EndReloadAssembly (675ms)
			LoadAssemblies (103ms)
			RebuildTransferFunctionScriptingTraits (0ms)
			SetupTypeCache (184ms)
			ReleaseScriptCaches (0ms)
			RebuildScriptCaches (46ms)
			SetupLoadedEditorAssemblies (373ms)
				LogAssemblyErrors (0ms)
				InitializePlatformSupportModulesInManaged (83ms)
				SetLoadedEditorAssemblies (0ms)
				RefreshPlugins (109ms)
				BeforeProcessingInitializeOnLoad (1ms)
				ProcessInitializeOnLoadAttributes (118ms)
				ProcessInitializeOnLoadMethodAttributes (60ms)
				AfterProcessingInitializeOnLoad (0ms)
				EditorAssembliesLoaded (0ms)
			ExecutionOrderSort2 (0ms)
			AwakeInstancesAfterBackupRestoration (0ms)
Platform modules already initialized, skipping
Registering precompiled user dll's ...
Registered in 0.014229 seconds.
Begin MonoManager ReloadAssembly
Symbol file LoadedFromMemory doesn't match image C:\Users\halim\Desktop\proje\kule2\Library\PackageCache\com.unity.visualscripting@1.7.8\Editor\VisualScripting.Core\Dependencies\YamlDotNet\Unity.VisualScripting.YamlDotNet.dll
Symbol file LoadedFromMemory doesn't match image C:\Users\halim\Desktop\proje\kule2\Library\PackageCache\com.unity.visualscripting@1.7.8\Editor\VisualScripting.Core\Dependencies\DotNetZip\Unity.VisualScripting.IonicZip.dll
Native extension for WindowsStandalone target not found
Native extension for Android target not found
Refreshing native plugins compatible for Editor in 0.84 ms, found 3 plugins.
Preloading 0 native plugins for Editor in 0.00 ms.
Mono: successfully reloaded assembly
- Completed reload, in  1.411 seconds
Domain Reload Profiling:
	ReloadAssembly (1412ms)
		BeginReloadAssembly (158ms)
			ExecutionOrderSort (0ms)
			DisableScriptedObjects (9ms)
			BackupInstance (0ms)
			ReleaseScriptingObjects (0ms)
			CreateAndSetChildDomain (27ms)
		EndReloadAssembly (1108ms)
			LoadAssemblies (127ms)
			RebuildTransferFunctionScriptingTraits (0ms)
			SetupTypeCache (400ms)
			ReleaseScriptCaches (1ms)
			RebuildScriptCaches (67ms)
			SetupLoadedEditorAssemblies (477ms)
				LogAssemblyErrors (0ms)
				InitializePlatformSupportModulesInManaged (18ms)
				SetLoadedEditorAssemblies (1ms)
				RefreshPlugins (1ms)
				BeforeProcessingInitializeOnLoad (113ms)
				ProcessInitializeOnLoadAttributes (295ms)
				ProcessInitializeOnLoadMethodAttributes (38ms)
				AfterProcessingInitializeOnLoad (11ms)
				EditorAssembliesLoaded (0ms)
			ExecutionOrderSort2 (0ms)
			AwakeInstancesAfterBackupRestoration (8ms)
Platform modules already initialized, skipping
========================================================================
Worker process is ready to serve import requests
Launched and connected shader compiler UnityShaderCompiler.exe after 0.06 seconds
Refreshing native plugins compatible for Editor in 1.21 ms, found 3 plugins.
Preloading 0 native plugins for Editor in 0.00 ms.
Unloading 3394 Unused Serialized files (Serialized files now loaded: 0)
Unloading 27 unused Assets / (113.6 KB). Loaded Objects now: 3854.
Memory consumption went from 118.7 MB to 118.6 MB.
Total: 4.893200 ms (FindLiveObjects: 0.543800 ms CreateObjectMapping: 0.442800 ms MarkObjects: 3.763300 ms  DeleteObjects: 0.142400 ms)

AssetImportParameters requested are different than current active one (requested -> active):
  custom:video-decoder-ogg-theora: a1e56fd34408186e4bbccfd4996cb3dc -> 
  custom:container-muxer-webm: aa71ff27fc2769a1b78a27578f13a17b -> 
  custom:container-demuxer-webm: 4f35f7cbe854078d1ac9338744f61a02 -> 
  custom:video-encoder-webm-vp8: eb34c28f22e8b96e1ab97ce403110664 -> 
  custom:audio-encoder-webm-vorbis: bf7c407c2cedff20999df2af8eb42d56 -> 
  custom:framework-win-MediaFoundation: 216162199b28c13a410421893ffa2e32 -> 
  custom:container-demuxer-ogg: 62fdf1f143b41e24485cea50d1cbac27 -> 
  custom:video-decoder-webm-vp8: 9c59270c3fd7afecdb556c50c9e8de78 -> 
  custom:audio-decoder-ogg-vorbis: bf7c407c2cedff20999df2af8eb42d56 -> 
========================================================================
Received Import Request.
  Time since last request: 24012.373592 seconds.
  path: Assets/kodlar/nesneoluşturi.cs
  artifactKey: Guid(2fc99986f08201946b74e799eede1d8b) Importer(815301076,1909f56bfc062723c751e8b465ee728b)
Start importing Assets/kodlar/nesneoluşturi.cs using Guid(2fc99986f08201946b74e799eede1d8b) Importer(815301076,1909f56bfc062723c751e8b465ee728b)  -> (artifact id: '0e93885aa01245e3087da72cf3670b75') in 0.060126 seconds 
========================================================================
Received Import Request.
  Time since last request: 303.085970 seconds.
  path: Assets/kodlar/nesne.cs
  artifactKey: Guid(e5d219aa5b11c6645bc555d338edc887) Importer(815301076,1909f56bfc062723c751e8b465ee728b)
Start importing Assets/kodlar/nesne.cs using Guid(e5d219aa5b11c6645bc555d338edc887) Importer(815301076,1909f56bfc062723c751e8b465ee728b)  -> (artifact id: 'ec6d3db600d48080f87588e9e0427f07') in 0.011595 seconds 
========================================================================
Received Prepare
Registering precompiled user dll's ...
Registered in 0.006609 seconds.
Begin MonoManager ReloadAssembly
Symbol file LoadedFromMemory doesn't match image C:\Users\halim\Desktop\proje\kule2\Library\PackageCache\com.unity.visualscripting@1.7.8\Editor\VisualScripting.Core\Dependencies\YamlDotNet\Unity.VisualScripting.YamlDotNet.dll
Symbol file LoadedFromMemory doesn't match image C:\Users\halim\Desktop\proje\kule2\Library\PackageCache\com.unity.visualscripting@1.7.8\Editor\VisualScripting.Core\Dependencies\DotNetZip\Unity.VisualScripting.IonicZip.dll
Native extension for WindowsStandalone target not found
Native extension for Android target not found
Refreshing native plugins compatible for Editor in 0.76 ms, found 3 plugins.
Preloading 0 native plugins for Editor in 0.00 ms.
Mono: successfully reloaded assembly
- Completed reload, in  1.398 seconds
Domain Reload Profiling:
	ReloadAssembly (1399ms)
		BeginReloadAssembly (329ms)
			ExecutionOrderSort (0ms)
			DisableScriptedObjects (9ms)
			BackupInstance (0ms)
			ReleaseScriptingObjects (0ms)
			CreateAndSetChildDomain (122ms)
		EndReloadAssembly (945ms)
			LoadAssemblies (156ms)
			RebuildTransferFunctionScriptingTraits (0ms)
			SetupTypeCache (329ms)
			ReleaseScriptCaches (2ms)
			RebuildScriptCaches (55ms)
			SetupLoadedEditorAssemblies (396ms)
				LogAssemblyErrors (0ms)
				InitializePlatformSupportModulesInManaged (26ms)
				SetLoadedEditorAssemblies (1ms)
				RefreshPlugins (1ms)
				BeforeProcessingInitializeOnLoad (88ms)
				ProcessInitializeOnLoadAttributes (238ms)
				ProcessInitializeOnLoadMethodAttributes (32ms)
				AfterProcessingInitializeOnLoad (11ms)
				EditorAssembliesLoaded (0ms)
			ExecutionOrderSort2 (0ms)
			AwakeInstancesAfterBackupRestoration (7ms)
Platform modules already initialized, skipping
Refreshing native plugins compatible for Editor in 2.50 ms, found 3 plugins.
Preloading 0 native plugins for Editor in 0.00 ms.
Unloading 3377 Unused Serialized files (Serialized files now loaded: 0)
Unloading 20 unused Assets / (80.0 KB). Loaded Objects now: 3858.
Memory consumption went from 117.3 MB to 117.2 MB.
Total: 4.615300 ms (FindLiveObjects: 0.438200 ms CreateObjectMapping: 0.496700 ms MarkObjects: 3.535400 ms  DeleteObjects: 0.143900 ms)

AssetImportParameters requested are different than current active one (requested -> active):
  custom:video-decoder-ogg-theora: a1e56fd34408186e4bbccfd4996cb3dc -> 
  custom:container-muxer-webm: aa71ff27fc2769a1b78a27578f13a17b -> 
  custom:container-demuxer-webm: 4f35f7cbe854078d1ac9338744f61a02 -> 
  custom:video-encoder-webm-vp8: eb34c28f22e8b96e1ab97ce403110664 -> 
  custom:audio-encoder-webm-vorbis: bf7c407c2cedff20999df2af8eb42d56 -> 
  custom:framework-win-MediaFoundation: 216162199b28c13a410421893ffa2e32 -> 
  custom:container-demuxer-ogg: 62fdf1f143b41e24485cea50d1cbac27 -> 
  custom:video-decoder-webm-vp8: 9c59270c3fd7afecdb556c50c9e8de78 -> 
  custom:audio-decoder-ogg-vorbis: bf7c407c2cedff20999df2af8eb42d56 -> 
========================================================================
Received Import Request.
  Time since last request: 52.743033 seconds.
  path: Assets/kodlar/nesnedöndür.cs
  artifactKey: Guid(10d343fb3c507934a860ae407b41d157) Importer(815301076,1909f56bfc062723c751e8b465ee728b)
Start importing Assets/kodlar/nesnedöndür.cs using Guid(10d343fb3c507934a860ae407b41d157) Importer(815301076,1909f56bfc062723c751e8b465ee728b)  -> (artifact id: 'c8c2e4fdff0946f7df671045713fea3d') in 0.022469 seconds 
========================================================================
Received Prepare
Registering precompiled user dll's ...
Registered in 0.006623 seconds.
Begin MonoManager ReloadAssembly
Symbol file LoadedFromMemory doesn't match image C:\Users\halim\Desktop\proje\kule2\Library\PackageCache\com.unity.visualscripting@1.7.8\Editor\VisualScripting.Core\Dependencies\YamlDotNet\Unity.VisualScripting.YamlDotNet.dll
Symbol file LoadedFromMemory doesn't match image C:\Users\halim\Desktop\proje\kule2\Library\PackageCache\com.unity.visualscripting@1.7.8\Editor\VisualScripting.Core\Dependencies\DotNetZip\Unity.VisualScripting.IonicZip.dll
Native extension for WindowsStandalone target not found
Native extension for Android target not found
Refreshing native plugins compatible for Editor in 0.71 ms, found 3 plugins.
Preloading 0 native plugins for Editor in 0.00 ms.
Mono: successfully reloaded assembly
- Completed reload, in  1.235 seconds
Domain Reload Profiling:
	ReloadAssembly (1236ms)
		BeginReloadAssembly (188ms)
			ExecutionOrderSort (0ms)
			DisableScriptedObjects (8ms)
			BackupInstance (0ms)
			ReleaseScriptingObjects (0ms)
			CreateAndSetChildDomain (51ms)
		EndReloadAssembly (919ms)
			LoadAssemblies (124ms)
			RebuildTransferFunctionScriptingTraits (0ms)
			SetupTypeCache (330ms)
			ReleaseScriptCaches (2ms)
			RebuildScriptCaches (50ms)
			SetupLoadedEditorAssemblies (381ms)
				LogAssemblyErrors (0ms)
				InitializePlatformSupportModulesInManaged (25ms)
				SetLoadedEditorAssemblies (1ms)
				RefreshPlugins (1ms)
				BeforeProcessingInitializeOnLoad (87ms)
				ProcessInitializeOnLoadAttributes (226ms)
				ProcessInitializeOnLoadMethodAttributes (31ms)
				AfterProcessingInitializeOnLoad (10ms)
				EditorAssembliesLoaded (0ms)
			ExecutionOrderSort2 (0ms)
			AwakeInstancesAfterBackupRestoration (7ms)
Platform modules already initialized, skipping
Refreshing native plugins compatible for Editor in 2.52 ms, found 3 plugins.
Preloading 0 native plugins for Editor in 0.00 ms.
Unloading 3378 Unused Serialized files (Serialized files now loaded: 0)
Unloading 20 unused Assets / (80.1 KB). Loaded Objects now: 3862.
Memory consumption went from 117.4 MB to 117.3 MB.
Total: 4.177900 ms (FindLiveObjects: 0.318300 ms CreateObjectMapping: 0.243800 ms MarkObjects: 3.511600 ms  DeleteObjects: 0.103300 ms)

AssetImportParameters requested are different than current active one (requested -> active):
  custom:video-decoder-ogg-theora: a1e56fd34408186e4bbccfd4996cb3dc -> 
  custom:container-muxer-webm: aa71ff27fc2769a1b78a27578f13a17b -> 
  custom:container-demuxer-webm: 4f35f7cbe854078d1ac9338744f61a02 -> 
  custom:video-encoder-webm-vp8: eb34c28f22e8b96e1ab97ce403110664 -> 
  custom:audio-encoder-webm-vorbis: bf7c407c2cedff20999df2af8eb42d56 -> 
  custom:framework-win-MediaFoundation: 216162199b28c13a410421893ffa2e32 -> 
  custom:container-demuxer-ogg: 62fdf1f143b41e24485cea50d1cbac27 -> 
  custom:video-decoder-webm-vp8: 9c59270c3fd7afecdb556c50c9e8de78 -> 
  custom:audio-decoder-ogg-vorbis: bf7c407c2cedff20999df2af8eb42d56 -> 
========================================================================
Received Import Request.
  Time since last request: 41.416848 seconds.
  path: Assets/kodlar/butonlar
  artifactKey: Guid(7a3ad96efe791294486f532ab18d2c80) Importer(815301076,1909f56bfc062723c751e8b465ee728b)
Start importing Assets/kodlar/butonlar using Guid(7a3ad96efe791294486f532ab18d2c80) Importer(815301076,1909f56bfc062723c751e8b465ee728b)  -> (artifact id: 'b76facbf242c0ef3be09df75363aa0a7') in 0.016970 seconds 
========================================================================
Received Import Request.
  Time since last request: 28.927859 seconds.
  path: Assets/kodlar/butonlar/oynabtn.cs
  artifactKey: Guid(b90438a70fffbff4eb8aac1e0379f9d6) Importer(815301076,1909f56bfc062723c751e8b465ee728b)
Start importing Assets/kodlar/butonlar/oynabtn.cs using Guid(b90438a70fffbff4eb8aac1e0379f9d6) Importer(815301076,1909f56bfc062723c751e8b465ee728b)  -> (artifact id: 'bd4ca1defc6367e4c53ed8d02c75cbe3') in 0.010387 seconds 
========================================================================
Received Prepare
Registering precompiled user dll's ...
Registered in 0.010684 seconds.
Begin MonoManager ReloadAssembly
Symbol file LoadedFromMemory doesn't match image C:\Users\halim\Desktop\proje\kule2\Library\PackageCache\com.unity.visualscripting@1.7.8\Editor\VisualScripting.Core\Dependencies\YamlDotNet\Unity.VisualScripting.YamlDotNet.dll
Symbol file LoadedFromMemory doesn't match image C:\Users\halim\Desktop\proje\kule2\Library\PackageCache\com.unity.visualscripting@1.7.8\Editor\VisualScripting.Core\Dependencies\DotNetZip\Unity.VisualScripting.IonicZip.dll
Native extension for WindowsStandalone target not found
Native extension for Android target not found
Refreshing native plugins compatible for Editor in 0.72 ms, found 3 plugins.
Preloading 0 native plugins for Editor in 0.00 ms.
Mono: successfully reloaded assembly
- Completed reload, in  1.314 seconds
Domain Reload Profiling:
	ReloadAssembly (1315ms)
		BeginReloadAssembly (196ms)
			ExecutionOrderSort (0ms)
			DisableScriptedObjects (12ms)
			BackupInstance (0ms)
			ReleaseScriptingObjects (0ms)
			CreateAndSetChildDomain (54ms)
		EndReloadAssembly (988ms)
			LoadAssemblies (133ms)
			RebuildTransferFunctionScriptingTraits (0ms)
			SetupTypeCache (337ms)
			ReleaseScriptCaches (2ms)
			RebuildScriptCaches (47ms)
			SetupLoadedEditorAssemblies (432ms)
				LogAssemblyErrors (0ms)
				InitializePlatformSupportModulesInManaged (25ms)
				SetLoadedEditorAssemblies (1ms)
				RefreshPlugins (1ms)
				BeforeProcessingInitializeOnLoad (83ms)
				ProcessInitializeOnLoadAttributes (269ms)
				ProcessInitializeOnLoadMethodAttributes (44ms)
				AfterProcessingInitializeOnLoad (10ms)
				EditorAssembliesLoaded (0ms)
			ExecutionOrderSort2 (0ms)
			AwakeInstancesAfterBackupRestoration (11ms)
Platform modules already initialized, skipping
Refreshing native plugins compatible for Editor in 2.27 ms, found 3 plugins.
Preloading 0 native plugins for Editor in 0.00 ms.
Unloading 3379 Unused Serialized files (Serialized files now loaded: 0)
Unloading 20 unused Assets / (80.0 KB). Loaded Objects now: 3866.
Memory consumption went from 117.4 MB to 117.3 MB.
Total: 4.226200 ms (FindLiveObjects: 0.316600 ms CreateObjectMapping: 0.303500 ms MarkObjects: 3.499300 ms  DeleteObjects: 0.105900 ms)

AssetImportParameters requested are different than current active one (requested -> active):
  custom:video-decoder-ogg-theora: a1e56fd34408186e4bbccfd4996cb3dc -> 
  custom:container-muxer-webm: aa71ff27fc2769a1b78a27578f13a17b -> 
  custom:container-demuxer-webm: 4f35f7cbe854078d1ac9338744f61a02 -> 
  custom:video-encoder-webm-vp8: eb34c28f22e8b96e1ab97ce403110664 -> 
  custom:audio-encoder-webm-vorbis: bf7c407c2cedff20999df2af8eb42d56 -> 
  custom:framework-win-MediaFoundation: 216162199b28c13a410421893ffa2e32 -> 
  custom:container-demuxer-ogg: 62fdf1f143b41e24485cea50d1cbac27 -> 
  custom:video-decoder-webm-vp8: 9c59270c3fd7afecdb556c50c9e8de78 -> 
  custom:audio-decoder-ogg-vorbis: bf7c407c2cedff20999df2af8eb42d56 -> 
========================================================================
Received Import Request.
  Time since last request: 19.416768 seconds.
  path: Assets/kodlar/butonlar/ayarlrbtn.cs
  artifactKey: Guid(9e2a5e421a999d44fbd86fb36919dd5c) Importer(815301076,1909f56bfc062723c751e8b465ee728b)
Start importing Assets/kodlar/butonlar/ayarlrbtn.cs using Guid(9e2a5e421a999d44fbd86fb36919dd5c) Importer(815301076,1909f56bfc062723c751e8b465ee728b)  -> (artifact id: '2767d4ae207a5607dc5b71513bdb1f3b') in 0.028157 seconds 
========================================================================
Received Prepare
Registering precompiled user dll's ...
Registered in 0.006555 seconds.
Begin MonoManager ReloadAssembly
Symbol file LoadedFromMemory doesn't match image C:\Users\halim\Desktop\proje\kule2\Library\PackageCache\com.unity.visualscripting@1.7.8\Editor\VisualScripting.Core\Dependencies\YamlDotNet\Unity.VisualScripting.YamlDotNet.dll
Symbol file LoadedFromMemory doesn't match image C:\Users\halim\Desktop\proje\kule2\Library\PackageCache\com.unity.visualscripting@1.7.8\Editor\VisualScripting.Core\Dependencies\DotNetZip\Unity.VisualScripting.IonicZip.dll
Native extension for WindowsStandalone target not found
Native extension for Android target not found
Refreshing native plugins compatible for Editor in 0.68 ms, found 3 plugins.
Preloading 0 native plugins for Editor in 0.00 ms.
Mono: successfully reloaded assembly
- Completed reload, in  1.306 seconds
Domain Reload Profiling:
	ReloadAssembly (1307ms)
		BeginReloadAssembly (207ms)
			ExecutionOrderSort (0ms)
			DisableScriptedObjects (6ms)
			BackupInstance (0ms)
			ReleaseScriptingObjects (0ms)
			CreateAndSetChildDomain (51ms)
		EndReloadAssembly (965ms)
			LoadAssemblies (143ms)
			RebuildTransferFunctionScriptingTraits (0ms)
			SetupTypeCache (348ms)
			ReleaseScriptCaches (2ms)
			RebuildScriptCaches (60ms)
			SetupLoadedEditorAssemblies (399ms)
				LogAssemblyErrors (0ms)
				InitializePlatformSupportModulesInManaged (26ms)
				SetLoadedEditorAssemblies (1ms)
				RefreshPlugins (1ms)
				BeforeProcessingInitializeOnLoad (79ms)
				ProcessInitializeOnLoadAttributes (250ms)
				ProcessInitializeOnLoadMethodAttributes (32ms)
				AfterProcessingInitializeOnLoad (10ms)
				EditorAssembliesLoaded (0ms)
			ExecutionOrderSort2 (0ms)
			AwakeInstancesAfterBackupRestoration (7ms)
Platform modules already initialized, skipping
Refreshing native plugins compatible for Editor in 2.35 ms, found 3 plugins.
Preloading 0 native plugins for Editor in 0.00 ms.
Unloading 3380 Unused Serialized files (Serialized files now loaded: 0)
Unloading 20 unused Assets / (80.0 KB). Loaded Objects now: 3870.
Memory consumption went from 117.4 MB to 117.3 MB.
Total: 4.452000 ms (FindLiveObjects: 0.361500 ms CreateObjectMapping: 0.278000 ms MarkObjects: 3.680700 ms  DeleteObjects: 0.130500 ms)

AssetImportParameters requested are different than current active one (requested -> active):
  custom:video-decoder-ogg-theora: a1e56fd34408186e4bbccfd4996cb3dc -> 
  custom:container-muxer-webm: aa71ff27fc2769a1b78a27578f13a17b -> 
  custom:container-demuxer-webm: 4f35f7cbe854078d1ac9338744f61a02 -> 
  custom:video-encoder-webm-vp8: eb34c28f22e8b96e1ab97ce403110664 -> 
  custom:audio-encoder-webm-vorbis: bf7c407c2cedff20999df2af8eb42d56 -> 
  custom:framework-win-MediaFoundation: 216162199b28c13a410421893ffa2e32 -> 
  custom:container-demuxer-ogg: 62fdf1f143b41e24485cea50d1cbac27 -> 
  custom:video-decoder-webm-vp8: 9c59270c3fd7afecdb556c50c9e8de78 -> 
  custom:audio-decoder-ogg-vorbis: bf7c407c2cedff20999df2af8eb42d56 -> 
========================================================================
Received Import Request.
  Time since last request: 27.143269 seconds.
  path: Assets/kodlar/butonlar/çıkışbtn.cs
  artifactKey: Guid(fc64857995197964ba88ffdf5f671cee) Importer(815301076,1909f56bfc062723c751e8b465ee728b)
Start importing Assets/kodlar/butonlar/çıkışbtn.cs using Guid(fc64857995197964ba88ffdf5f671cee) Importer(815301076,1909f56bfc062723c751e8b465ee728b)  -> (artifact id: 'ee344f825347b920d3ba34973b1e3968') in 0.017804 seconds 
========================================================================
Received Prepare
Registering precompiled user dll's ...
Registered in 0.006408 seconds.
Begin MonoManager ReloadAssembly
Symbol file LoadedFromMemory doesn't match image C:\Users\halim\Desktop\proje\kule2\Library\PackageCache\com.unity.visualscripting@1.7.8\Editor\VisualScripting.Core\Dependencies\YamlDotNet\Unity.VisualScripting.YamlDotNet.dll
Symbol file LoadedFromMemory doesn't match image C:\Users\halim\Desktop\proje\kule2\Library\PackageCache\com.unity.visualscripting@1.7.8\Editor\VisualScripting.Core\Dependencies\DotNetZip\Unity.VisualScripting.IonicZip.dll
Native extension for WindowsStandalone target not found
Native extension for Android target not found
Refreshing native plugins compatible for Editor in 0.71 ms, found 3 plugins.
Preloading 0 native plugins for Editor in 0.00 ms.
Mono: successfully reloaded assembly
- Completed reload, in  1.291 seconds
Domain Reload Profiling:
	ReloadAssembly (1292ms)
		BeginReloadAssembly (181ms)
			ExecutionOrderSort (0ms)
			DisableScriptedObjects (6ms)
			BackupInstance (0ms)
			ReleaseScriptingObjects (0ms)
			CreateAndSetChildDomain (47ms)
		EndReloadAssembly (962ms)
			LoadAssemblies (140ms)
			RebuildTransferFunctionScriptingTraits (0ms)
			SetupTypeCache (356ms)
			ReleaseScriptCaches (2ms)
			RebuildScriptCaches (47ms)
			SetupLoadedEditorAssemblies (381ms)
				LogAssemblyErrors (0ms)
				InitializePlatformSupportModulesInManaged (25ms)
				SetLoadedEditorAssemblies (1ms)
				RefreshPlugins (1ms)
				BeforeProcessingInitializeOnLoad (80ms)
				ProcessInitializeOnLoadAttributes (230ms)
				ProcessInitializeOnLoadMethodAttributes (33ms)
				AfterProcessingInitializeOnLoad (11ms)
				EditorAssembliesLoaded (0ms)
			ExecutionOrderSort2 (0ms)
			AwakeInstancesAfterBackupRestoration (7ms)
Platform modules already initialized, skipping
Refreshing native plugins compatible for Editor in 2.25 ms, found 3 plugins.
Preloading 0 native plugins for Editor in 0.00 ms.
Unloading 3381 Unused Serialized files (Serialized files now loaded: 0)
Unloading 20 unused Assets / (79.9 KB). Loaded Objects now: 3874.
Memory consumption went from 117.4 MB to 117.4 MB.
Total: 4.215700 ms (FindLiveObjects: 0.316600 ms CreateObjectMapping: 0.270300 ms MarkObjects: 3.529000 ms  DeleteObjects: 0.098900 ms)

AssetImportParameters requested are different than current active one (requested -> active):
  custom:video-decoder-ogg-theora: a1e56fd34408186e4bbccfd4996cb3dc -> 
  custom:container-muxer-webm: aa71ff27fc2769a1b78a27578f13a17b -> 
  custom:container-demuxer-webm: 4f35f7cbe854078d1ac9338744f61a02 -> 
  custom:video-encoder-webm-vp8: eb34c28f22e8b96e1ab97ce403110664 -> 
  custom:audio-encoder-webm-vorbis: bf7c407c2cedff20999df2af8eb42d56 -> 
  custom:framework-win-MediaFoundation: 216162199b28c13a410421893ffa2e32 -> 
  custom:container-demuxer-ogg: 62fdf1f143b41e24485cea50d1cbac27 -> 
  custom:video-decoder-webm-vp8: 9c59270c3fd7afecdb556c50c9e8de78 -> 
  custom:audio-decoder-ogg-vorbis: bf7c407c2cedff20999df2af8eb42d56 -> 
========================================================================
Received Import Request.
  Time since last request: 26.777355 seconds.
  path: Assets/kodlar/butonlar/devam btn.cs
  artifactKey: Guid(37fb1574276004043a50354cb773ead5) Importer(815301076,1909f56bfc062723c751e8b465ee728b)
Start importing Assets/kodlar/butonlar/devam btn.cs using Guid(37fb1574276004043a50354cb773ead5) Importer(815301076,1909f56bfc062723c751e8b465ee728b)  -> (artifact id: '0ee7d82c384dde295ab859ee6ee5b70d') in 0.019179 seconds 
========================================================================
Received Prepare
Registering precompiled user dll's ...
Registered in 0.006473 seconds.
Begin MonoManager ReloadAssembly
Symbol file LoadedFromMemory doesn't match image C:\Users\halim\Desktop\proje\kule2\Library\PackageCache\com.unity.visualscripting@1.7.8\Editor\VisualScripting.Core\Dependencies\YamlDotNet\Unity.VisualScripting.YamlDotNet.dll
Symbol file LoadedFromMemory doesn't match image C:\Users\halim\Desktop\proje\kule2\Library\PackageCache\com.unity.visualscripting@1.7.8\Editor\VisualScripting.Core\Dependencies\DotNetZip\Unity.VisualScripting.IonicZip.dll
Native extension for WindowsStandalone target not found
Native extension for Android target not found
Refreshing native plugins compatible for Editor in 0.74 ms, found 3 plugins.
Preloading 0 native plugins for Editor in 0.00 ms.
Mono: successfully reloaded assembly
- Completed reload, in  1.266 seconds
Domain Reload Profiling:
	ReloadAssembly (1267ms)
		BeginReloadAssembly (174ms)
			ExecutionOrderSort (0ms)
			DisableScriptedObjects (7ms)
			BackupInstance (0ms)
			ReleaseScriptingObjects (0ms)
			CreateAndSetChildDomain (48ms)
		EndReloadAssembly (956ms)
			LoadAssemblies (123ms)
			RebuildTransferFunctionScriptingTraits (0ms)
			SetupTypeCache (353ms)
			ReleaseScriptCaches (2ms)
			RebuildScriptCaches (46ms)
			SetupLoadedEditorAssemblies (392ms)
				LogAssemblyErrors (0ms)
				InitializePlatformSupportModulesInManaged (28ms)
				SetLoadedEditorAssemblies (1ms)
				RefreshPlugins (1ms)
				BeforeProcessingInitializeOnLoad (80ms)
				ProcessInitializeOnLoadAttributes (237ms)
				ProcessInitializeOnLoadMethodAttributes (35ms)
				AfterProcessingInitializeOnLoad (10ms)
				EditorAssembliesLoaded (0ms)
			ExecutionOrderSort2 (0ms)
			AwakeInstancesAfterBackupRestoration (8ms)
Platform modules already initialized, skipping
Refreshing native plugins compatible for Editor in 2.26 ms, found 3 plugins.
Preloading 0 native plugins for Editor in 0.00 ms.
Unloading 3382 Unused Serialized files (Serialized files now loaded: 0)
Unloading 20 unused Assets / (80.0 KB). Loaded Objects now: 3878.
Memory consumption went from 117.5 MB to 117.4 MB.
Total: 4.271800 ms (FindLiveObjects: 0.331400 ms CreateObjectMapping: 0.251000 ms MarkObjects: 3.594200 ms  DeleteObjects: 0.094500 ms)

AssetImportParameters requested are different than current active one (requested -> active):
  custom:video-decoder-ogg-theora: a1e56fd34408186e4bbccfd4996cb3dc -> 
  custom:container-muxer-webm: aa71ff27fc2769a1b78a27578f13a17b -> 
  custom:container-demuxer-webm: 4f35f7cbe854078d1ac9338744f61a02 -> 
  custom:video-encoder-webm-vp8: eb34c28f22e8b96e1ab97ce403110664 -> 
  custom:audio-encoder-webm-vorbis: bf7c407c2cedff20999df2af8eb42d56 -> 
  custom:framework-win-MediaFoundation: 216162199b28c13a410421893ffa2e32 -> 
  custom:container-demuxer-ogg: 62fdf1f143b41e24485cea50d1cbac27 -> 
  custom:video-decoder-webm-vp8: 9c59270c3fd7afecdb556c50c9e8de78 -> 
  custom:audio-decoder-ogg-vorbis: bf7c407c2cedff20999df2af8eb42d56 -> 
========================================================================
Received Prepare
Registering precompiled user dll's ...
Registered in 0.008427 seconds.
Begin MonoManager ReloadAssembly
Symbol file LoadedFromMemory doesn't match image C:\Users\halim\Desktop\proje\kule2\Library\PackageCache\com.unity.visualscripting@1.7.8\Editor\VisualScripting.Core\Dependencies\YamlDotNet\Unity.VisualScripting.YamlDotNet.dll
Symbol file LoadedFromMemory doesn't match image C:\Users\halim\Desktop\proje\kule2\Library\PackageCache\com.unity.visualscripting@1.7.8\Editor\VisualScripting.Core\Dependencies\DotNetZip\Unity.VisualScripting.IonicZip.dll
Native extension for WindowsStandalone target not found
Native extension for Android target not found
Refreshing native plugins compatible for Editor in 0.84 ms, found 3 plugins.
Preloading 0 native plugins for Editor in 0.00 ms.
Mono: successfully reloaded assembly
- Completed reload, in  1.333 seconds
Domain Reload Profiling:
	ReloadAssembly (1335ms)
		BeginReloadAssembly (167ms)
			ExecutionOrderSort (0ms)
			DisableScriptedObjects (8ms)
			BackupInstance (0ms)
			ReleaseScriptingObjects (0ms)
			CreateAndSetChildDomain (42ms)
		EndReloadAssembly (1036ms)
			LoadAssemblies (128ms)
			RebuildTransferFunctionScriptingTraits (0ms)
			SetupTypeCache (355ms)
			ReleaseScriptCaches (2ms)
			RebuildScriptCaches (58ms)
			SetupLoadedEditorAssemblies (438ms)
				LogAssemblyErrors (0ms)
				InitializePlatformSupportModulesInManaged (33ms)
				SetLoadedEditorAssemblies (1ms)
				RefreshPlugins (1ms)
				BeforeProcessingInitializeOnLoad (94ms)
				ProcessInitializeOnLoadAttributes (267ms)
				ProcessInitializeOnLoadMethodAttributes (32ms)
				AfterProcessingInitializeOnLoad (10ms)
				EditorAssembliesLoaded (0ms)
			ExecutionOrderSort2 (0ms)
			AwakeInstancesAfterBackupRestoration (7ms)
Platform modules already initialized, skipping
Refreshing native plugins compatible for Editor in 2.20 ms, found 3 plugins.
Preloading 0 native plugins for Editor in 0.00 ms.
Unloading 3382 Unused Serialized files (Serialized files now loaded: 0)
Unloading 20 unused Assets / (80.0 KB). Loaded Objects now: 3881.
Memory consumption went from 117.5 MB to 117.4 MB.
Total: 4.165300 ms (FindLiveObjects: 0.327000 ms CreateObjectMapping: 0.447700 ms MarkObjects: 3.279000 ms  DeleteObjects: 0.110400 ms)

AssetImportParameters requested are different than current active one (requested -> active):
  custom:video-decoder-ogg-theora: a1e56fd34408186e4bbccfd4996cb3dc -> 
  custom:container-muxer-webm: aa71ff27fc2769a1b78a27578f13a17b -> 
  custom:container-demuxer-webm: 4f35f7cbe854078d1ac9338744f61a02 -> 
  custom:video-encoder-webm-vp8: eb34c28f22e8b96e1ab97ce403110664 -> 
  custom:audio-encoder-webm-vorbis: bf7c407c2cedff20999df2af8eb42d56 -> 
  custom:framework-win-MediaFoundation: 216162199b28c13a410421893ffa2e32 -> 
  custom:container-demuxer-ogg: 62fdf1f143b41e24485cea50d1cbac27 -> 
  custom:video-decoder-webm-vp8: 9c59270c3fd7afecdb556c50c9e8de78 -> 
  custom:audio-decoder-ogg-vorbis: bf7c407c2cedff20999df2af8eb42d56 -> 
========================================================================
Received Import Request.
  Time since last request: 79.713307 seconds.
  path: Assets/kodlar/skor.cs
  artifactKey: Guid(c465090fc3d52e9478869016c37616aa) Importer(815301076,1909f56bfc062723c751e8b465ee728b)
Start importing Assets/kodlar/skor.cs using Guid(c465090fc3d52e9478869016c37616aa) Importer(815301076,1909f56bfc062723c751e8b465ee728b)  -> (artifact id: '4d8ffcd356d958ab2a1ca8d56f1be7de') in 0.018408 seconds 
========================================================================
Received Prepare
Registering precompiled user dll's ...
Registered in 0.010429 seconds.
Begin MonoManager ReloadAssembly
Symbol file LoadedFromMemory doesn't match image C:\Users\halim\Desktop\proje\kule2\Library\PackageCache\com.unity.visualscripting@1.7.8\Editor\VisualScripting.Core\Dependencies\YamlDotNet\Unity.VisualScripting.YamlDotNet.dll
Symbol file LoadedFromMemory doesn't match image C:\Users\halim\Desktop\proje\kule2\Library\PackageCache\com.unity.visualscripting@1.7.8\Editor\VisualScripting.Core\Dependencies\DotNetZip\Unity.VisualScripting.IonicZip.dll
Native extension for WindowsStandalone target not found
Native extension for Android target not found
Refreshing native plugins compatible for Editor in 0.71 ms, found 3 plugins.
Preloading 0 native plugins for Editor in 0.00 ms.
Mono: successfully reloaded assembly
- Completed reload, in  1.269 seconds
Domain Reload Profiling:
	ReloadAssembly (1270ms)
		BeginReloadAssembly (170ms)
			ExecutionOrderSort (0ms)
			DisableScriptedObjects (7ms)
			BackupInstance (0ms)
			ReleaseScriptingObjects (0ms)
			CreateAndSetChildDomain (45ms)
		EndReloadAssembly (964ms)
			LoadAssemblies (121ms)
			RebuildTransferFunctionScriptingTraits (0ms)
			SetupTypeCache (364ms)
			ReleaseScriptCaches (2ms)
			RebuildScriptCaches (50ms)
			SetupLoadedEditorAssemblies (388ms)
				LogAssemblyErrors (0ms)
				InitializePlatformSupportModulesInManaged (30ms)
				SetLoadedEditorAssemblies (1ms)
				RefreshPlugins (1ms)
				BeforeProcessingInitializeOnLoad (90ms)
				ProcessInitializeOnLoadAttributes (225ms)
				ProcessInitializeOnLoadMethodAttributes (32ms)
				AfterProcessingInitializeOnLoad (10ms)
				EditorAssembliesLoaded (0ms)
			ExecutionOrderSort2 (0ms)
			AwakeInstancesAfterBackupRestoration (7ms)
Platform modules already initialized, skipping
Refreshing native plugins compatible for Editor in 2.27 ms, found 3 plugins.
Preloading 0 native plugins for Editor in 0.00 ms.
Unloading 3383 Unused Serialized files (Serialized files now loaded: 0)
Unloading 20 unused Assets / (79.9 KB). Loaded Objects now: 3885.
Memory consumption went from 117.5 MB to 117.4 MB.
Total: 4.748100 ms (FindLiveObjects: 0.353100 ms CreateObjectMapping: 0.268000 ms MarkObjects: 3.983300 ms  DeleteObjects: 0.142700 ms)

AssetImportParameters requested are different than current active one (requested -> active):
  custom:video-decoder-ogg-theora: a1e56fd34408186e4bbccfd4996cb3dc -> 
  custom:container-muxer-webm: aa71ff27fc2769a1b78a27578f13a17b -> 
  custom:container-demuxer-webm: 4f35f7cbe854078d1ac9338744f61a02 -> 
  custom:video-encoder-webm-vp8: eb34c28f22e8b96e1ab97ce403110664 -> 
  custom:audio-encoder-webm-vorbis: bf7c407c2cedff20999df2af8eb42d56 -> 
  custom:framework-win-MediaFoundation: 216162199b28c13a410421893ffa2e32 -> 
  custom:container-demuxer-ogg: 62fdf1f143b41e24485cea50d1cbac27 -> 
  custom:video-decoder-webm-vp8: 9c59270c3fd7afecdb556c50c9e8de78 -> 
  custom:audio-decoder-ogg-vorbis: bf7c407c2cedff20999df2af8eb42d56 -> 
========================================================================
Received Import Request.
  Time since last request: 19.089138 seconds.
  path: Assets/kodlar/cankntrl.cs
  artifactKey: Guid(4358a9f9c7c470b4d980c141fa3c79df) Importer(815301076,1909f56bfc062723c751e8b465ee728b)
Start importing Assets/kodlar/cankntrl.cs using Guid(4358a9f9c7c470b4d980c141fa3c79df) Importer(815301076,1909f56bfc062723c751e8b465ee728b)  -> (artifact id: 'c5225a033f4d780bce54a113a619e86e') in 0.018277 seconds 
========================================================================
Received Prepare
Registering precompiled user dll's ...
Registered in 0.007070 seconds.
Begin MonoManager ReloadAssembly
Symbol file LoadedFromMemory doesn't match image C:\Users\halim\Desktop\proje\kule2\Library\PackageCache\com.unity.visualscripting@1.7.8\Editor\VisualScripting.Core\Dependencies\YamlDotNet\Unity.VisualScripting.YamlDotNet.dll
Symbol file LoadedFromMemory doesn't match image C:\Users\halim\Desktop\proje\kule2\Library\PackageCache\com.unity.visualscripting@1.7.8\Editor\VisualScripting.Core\Dependencies\DotNetZip\Unity.VisualScripting.IonicZip.dll
Native extension for WindowsStandalone target not found
Native extension for Android target not found
Refreshing native plugins compatible for Editor in 0.71 ms, found 3 plugins.
Preloading 0 native plugins for Editor in 0.00 ms.
Mono: successfully reloaded assembly
- Completed reload, in  1.266 seconds
Domain Reload Profiling:
	ReloadAssembly (1267ms)
		BeginReloadAssembly (178ms)
			ExecutionOrderSort (0ms)
			DisableScriptedObjects (7ms)
			BackupInstance (0ms)
			ReleaseScriptingObjects (0ms)
			CreateAndSetChildDomain (51ms)
		EndReloadAssembly (946ms)
			LoadAssemblies (124ms)
			RebuildTransferFunctionScriptingTraits (0ms)
			SetupTypeCache (323ms)
			ReleaseScriptCaches (2ms)
			RebuildScriptCaches (46ms)
			SetupLoadedEditorAssemblies (398ms)
				LogAssemblyErrors (0ms)
				InitializePlatformSupportModulesInManaged (28ms)
				SetLoadedEditorAssemblies (1ms)
				RefreshPlugins (1ms)
				BeforeProcessingInitializeOnLoad (82ms)
				ProcessInitializeOnLoadAttributes (240ms)
				ProcessInitializeOnLoadMethodAttributes (33ms)
				AfterProcessingInitializeOnLoad (12ms)
				EditorAssembliesLoaded (0ms)
			ExecutionOrderSort2 (0ms)
			AwakeInstancesAfterBackupRestoration (7ms)
Platform modules already initialized, skipping
Refreshing native plugins compatible for Editor in 3.31 ms, found 3 plugins.
Preloading 0 native plugins for Editor in 0.00 ms.
Unloading 3384 Unused Serialized files (Serialized files now loaded: 0)
Unloading 20 unused Assets / (80.0 KB). Loaded Objects now: 3889.
Memory consumption went from 117.5 MB to 117.5 MB.
Total: 3.693300 ms (FindLiveObjects: 0.345400 ms CreateObjectMapping: 0.271100 ms MarkObjects: 2.979100 ms  DeleteObjects: 0.096700 ms)

AssetImportParameters requested are different than current active one (requested -> active):
  custom:video-decoder-ogg-theora: a1e56fd34408186e4bbccfd4996cb3dc -> 
  custom:container-muxer-webm: aa71ff27fc2769a1b78a27578f13a17b -> 
  custom:container-demuxer-webm: 4f35f7cbe854078d1ac9338744f61a02 -> 
  custom:video-encoder-webm-vp8: eb34c28f22e8b96e1ab97ce403110664 -> 
  custom:audio-encoder-webm-vorbis: bf7c407c2cedff20999df2af8eb42d56 -> 
  custom:framework-win-MediaFoundation: 216162199b28c13a410421893ffa2e32 -> 
  custom:container-demuxer-ogg: 62fdf1f143b41e24485cea50d1cbac27 -> 
  custom:video-decoder-webm-vp8: 9c59270c3fd7afecdb556c50c9e8de78 -> 
  custom:audio-decoder-ogg-vorbis: bf7c407c2cedff20999df2af8eb42d56 -> 
========================================================================
Received Prepare
Registering precompiled user dll's ...
Registered in 0.007918 seconds.
Begin MonoManager ReloadAssembly
Symbol file LoadedFromMemory doesn't match image C:\Users\halim\Desktop\proje\kule2\Library\PackageCache\com.unity.visualscripting@1.7.8\Editor\VisualScripting.Core\Dependencies\YamlDotNet\Unity.VisualScripting.YamlDotNet.dll
Symbol file LoadedFromMemory doesn't match image C:\Users\halim\Desktop\proje\kule2\Library\PackageCache\com.unity.visualscripting@1.7.8\Editor\VisualScripting.Core\Dependencies\DotNetZip\Unity.VisualScripting.IonicZip.dll
Native extension for WindowsStandalone target not found
Native extension for Android target not found
Refreshing native plugins compatible for Editor in 1.13 ms, found 3 plugins.
Preloading 0 native plugins for Editor in 0.00 ms.
Mono: successfully reloaded assembly
- Completed reload, in  1.314 seconds
Domain Reload Profiling:
	ReloadAssembly (1315ms)
		BeginReloadAssembly (176ms)
			ExecutionOrderSort (0ms)
			DisableScriptedObjects (6ms)
			BackupInstance (0ms)
			ReleaseScriptingObjects (0ms)
			CreateAndSetChildDomain (45ms)
		EndReloadAssembly (998ms)
			LoadAssemblies (143ms)
			RebuildTransferFunctionScriptingTraits (0ms)
			SetupTypeCache (354ms)
			ReleaseScriptCaches (2ms)
			RebuildScriptCaches (49ms)
			SetupLoadedEditorAssemblies (409ms)
				LogAssemblyErrors (0ms)
				InitializePlatformSupportModulesInManaged (31ms)
				SetLoadedEditorAssemblies (1ms)
				RefreshPlugins (1ms)
				BeforeProcessingInitializeOnLoad (82ms)
				ProcessInitializeOnLoadAttributes (245ms)
				ProcessInitializeOnLoadMethodAttributes (34ms)
				AfterProcessingInitializeOnLoad (14ms)
				EditorAssembliesLoaded (0ms)
			ExecutionOrderSort2 (0ms)
			AwakeInstancesAfterBackupRestoration (9ms)
Platform modules already initialized, skipping
Refreshing native plugins compatible for Editor in 2.28 ms, found 3 plugins.
Preloading 0 native plugins for Editor in 0.00 ms.
Unloading 3383 Unused Serialized files (Serialized files now loaded: 0)
Unloading 21 unused Assets / (79.9 KB). Loaded Objects now: 3891.
Memory consumption went from 117.5 MB to 117.5 MB.
Total: 3.764300 ms (FindLiveObjects: 0.317300 ms CreateObjectMapping: 0.257900 ms MarkObjects: 3.090000 ms  DeleteObjects: 0.098200 ms)

AssetImportParameters requested are different than current active one (requested -> active):
  custom:video-decoder-ogg-theora: a1e56fd34408186e4bbccfd4996cb3dc -> 
  custom:container-muxer-webm: aa71ff27fc2769a1b78a27578f13a17b -> 
  custom:container-demuxer-webm: 4f35f7cbe854078d1ac9338744f61a02 -> 
  custom:video-encoder-webm-vp8: eb34c28f22e8b96e1ab97ce403110664 -> 
  custom:audio-encoder-webm-vorbis: bf7c407c2cedff20999df2af8eb42d56 -> 
  custom:framework-win-MediaFoundation: 216162199b28c13a410421893ffa2e32 -> 
  custom:container-demuxer-ogg: 62fdf1f143b41e24485cea50d1cbac27 -> 
  custom:video-decoder-webm-vp8: 9c59270c3fd7afecdb556c50c9e8de78 -> 
  custom:audio-decoder-ogg-vorbis: bf7c407c2cedff20999df2af8eb42d56 -> 
========================================================================
Received Import Request.
  Time since last request: 2787.236835 seconds.
  path: Assets/kodlar/nesne.cs
  artifactKey: Guid(e5d219aa5b11c6645bc555d338edc887) Importer(815301076,1909f56bfc062723c751e8b465ee728b)
Start importing Assets/kodlar/nesne.cs using Guid(e5d219aa5b11c6645bc555d338edc887) Importer(815301076,1909f56bfc062723c751e8b465ee728b)  -> (artifact id: 'f3a515531ba6a25bfe898aa7b76dc3bd') in 1.856803 seconds 
========================================================================
Received Import Request.
  Time since last request: 1676.789542 seconds.
  path: Assets/arayüzler/Çıkış.png
  artifactKey: Guid(b4c041d4ee2c16647b4902a2e5fe6f0c) Importer(815301076,1909f56bfc062723c751e8b465ee728b)
Start importing Assets/arayüzler/Çıkış.png using Guid(b4c041d4ee2c16647b4902a2e5fe6f0c) Importer(815301076,1909f56bfc062723c751e8b465ee728b)  -> (artifact id: '73c8f6a50e2297fcae1e8ef400bf7739') in 5.621360 seconds 
========================================================================
Received Import Request.
  Time since last request: 3.960723 seconds.
  path: Assets/arayüzler/Çıkış.png
  artifactKey: Guid(b4c041d4ee2c16647b4902a2e5fe6f0c) Importer(815301076,1909f56bfc062723c751e8b465ee728b)
Start importing Assets/arayüzler/Çıkış.png using Guid(b4c041d4ee2c16647b4902a2e5fe6f0c) Importer(815301076,1909f56bfc062723c751e8b465ee728b)  -> (artifact id: 'c937e768d6d147db9e08326b04393a15') in 0.442570 seconds 
========================================================================
Received Import Request.
  Time since last request: 2717.649235 seconds.
  path: Assets/kodlar/ses.cs
  artifactKey: Guid(c9f5d70ea2732914d8c107147e3b0e2a) Importer(815301076,1909f56bfc062723c751e8b465ee728b)
Start importing Assets/kodlar/ses.cs using Guid(c9f5d70ea2732914d8c107147e3b0e2a) Importer(815301076,1909f56bfc062723c751e8b465ee728b)  -> (artifact id: 'd6f7580efb3dd1c2243bb2731072befe') in 0.032543 seconds 
========================================================================
Received Import Request.
  Time since last request: 82.147252 seconds.
  path: Assets/arayüzler/eklemeler
  artifactKey: Guid(c24b32434c32e5c4eaa02f2b68f4e065) Importer(815301076,1909f56bfc062723c751e8b465ee728b)
Start importing Assets/arayüzler/eklemeler using Guid(c24b32434c32e5c4eaa02f2b68f4e065) Importer(815301076,1909f56bfc062723c751e8b465ee728b)  -> (artifact id: '75d202004515ae845ee5272b07dc40f9') in 0.011046 seconds 
========================================================================
Received Import Request.
  Time since last request: 15.002777 seconds.
  path: Assets/arayüzler/eklemeler/WhatsApp Audio 2023-06-02 at 01.27.56.aac
  artifactKey: Guid(2ce24eccd03d04042950a2d684dc0551) Importer(815301076,1909f56bfc062723c751e8b465ee728b)
Start importing Assets/arayüzler/eklemeler/WhatsApp Audio 2023-06-02 at 01.27.56.aac using Guid(2ce24eccd03d04042950a2d684dc0551) Importer(815301076,1909f56bfc062723c751e8b465ee728b)  -> (artifact id: 'd26b251edcdd59260af1ea4fb6032e3b') in 0.360604 seconds 
========================================================================
Received Import Request.
  Time since last request: 1296.968010 seconds.
  path: Assets/kodlar/ses.cs
  artifactKey: Guid(c9f5d70ea2732914d8c107147e3b0e2a) Importer(815301076,1909f56bfc062723c751e8b465ee728b)
Start importing Assets/kodlar/ses.cs using Guid(c9f5d70ea2732914d8c107147e3b0e2a) Importer(815301076,1909f56bfc062723c751e8b465ee728b)  -> (artifact id: '2865942d577e53be7ee1c8be61802862') in 0.002757 seconds 
========================================================================
Received Import Request.
  Time since last request: 283.178684 seconds.
  path: Assets/kodlar/ses.cs
  artifactKey: Guid(c9f5d70ea2732914d8c107147e3b0e2a) Importer(815301076,1909f56bfc062723c751e8b465ee728b)
Start importing Assets/kodlar/ses.cs using Guid(c9f5d70ea2732914d8c107147e3b0e2a) Importer(815301076,1909f56bfc062723c751e8b465ee728b)  -> (artifact id: 'aab16d268d0fc07307a866732f3c9dcb') in 0.004115 seconds 
========================================================================
Received Import Request.
  Time since last request: 72.357723 seconds.
  path: Assets/kodlar/ses.cs
  artifactKey: Guid(c9f5d70ea2732914d8c107147e3b0e2a) Importer(815301076,1909f56bfc062723c751e8b465ee728b)
Start importing Assets/kodlar/ses.cs using Guid(c9f5d70ea2732914d8c107147e3b0e2a) Importer(815301076,1909f56bfc062723c751e8b465ee728b)  -> (artifact id: 'dade158ae78a6e60301dac2b42353b6d') in 0.004390 seconds 
========================================================================
Received Import Request.
  Time since last request: 10.097542 seconds.
  path: Assets/kodlar/audsys.cs
  artifactKey: Guid(c9f5d70ea2732914d8c107147e3b0e2a) Importer(815301076,1909f56bfc062723c751e8b465ee728b)
Start importing Assets/kodlar/audsys.cs using Guid(c9f5d70ea2732914d8c107147e3b0e2a) Importer(815301076,1909f56bfc062723c751e8b465ee728b)  -> (artifact id: 'c0ae537c3088227acb50e3ce30b49357') in 0.011784 seconds 
========================================================================
Received Import Request.
  Time since last request: 1478.728894 seconds.
  path: Assets/Scenes/SampleScene.unity
  artifactKey: Guid(9fc0d4010bbf28b4594072e72b8655ab) Importer(815301076,1909f56bfc062723c751e8b465ee728b)
Start importing Assets/Scenes/SampleScene.unity using Guid(9fc0d4010bbf28b4594072e72b8655ab) Importer(815301076,1909f56bfc062723c751e8b465ee728b)  -> (artifact id: '37ef82f4e506dea429d3a95be126dbc7') in 0.106076 seconds 
========================================================================
Received Import Request.
  Time since last request: 35.197043 seconds.
  path: Assets/Scenes/alan.unity
  artifactKey: Guid(6c421a650a4682e4dae6e44e51834632) Importer(815301076,1909f56bfc062723c751e8b465ee728b)
Start importing Assets/Scenes/alan.unity using Guid(6c421a650a4682e4dae6e44e51834632) Importer(815301076,1909f56bfc062723c751e8b465ee728b)  -> (artifact id: '3c014c316df08b5114905831a7efb792') in 0.012929 seconds 
========================================================================
Received Import Request.
  Time since last request: 6.051209 seconds.
  path: Assets/Scenes/ayarlar.unity
  artifactKey: Guid(2c9a454fe1915f048b55f82481ad0549) Importer(815301076,1909f56bfc062723c751e8b465ee728b)
Start importing Assets/Scenes/ayarlar.unity using Guid(2c9a454fe1915f048b55f82481ad0549) Importer(815301076,1909f56bfc062723c751e8b465ee728b)  -> (artifact id: '144abd5cb16f8b4ad01d46a5e8a539a8') in 0.011428 seconds 
========================================================================
Received Import Request.
  Time since last request: 1279.917726 seconds.
  path: Assets/kodlar/butonlar/devam btn.cs
  artifactKey: Guid(37fb1574276004043a50354cb773ead5) Importer(815301076,1909f56bfc062723c751e8b465ee728b)
Start importing Assets/kodlar/butonlar/devam btn.cs using Guid(37fb1574276004043a50354cb773ead5) Importer(815301076,1909f56bfc062723c751e8b465ee728b)  -> (artifact id: '1200da3c78a355a8604917a81352a71a') in 0.011739 seconds 
========================================================================
Received Import Request.
  Time since last request: 69.848964 seconds.
  path: Assets/kodlar/butonlar/dvmbtn.cs
  artifactKey: Guid(b90438a70fffbff4eb8aac1e0379f9d6) Importer(815301076,1909f56bfc062723c751e8b465ee728b)
Start importing Assets/kodlar/butonlar/dvmbtn.cs using Guid(b90438a70fffbff4eb8aac1e0379f9d6) Importer(815301076,1909f56bfc062723c751e8b465ee728b)  -> (artifact id: 'eee7e99eacfe60d9694cda847b0e65c5') in 0.012133 seconds 
========================================================================
Received Import Request.
  Time since last request: 17.780891 seconds.
  path: Assets/kodlar/butonlar/oynabtn.cs
  artifactKey: Guid(37fb1574276004043a50354cb773ead5) Importer(815301076,1909f56bfc062723c751e8b465ee728b)
Start importing Assets/kodlar/butonlar/oynabtn.cs using Guid(37fb1574276004043a50354cb773ead5) Importer(815301076,1909f56bfc062723c751e8b465ee728b)  -> (artifact id: '2d6c989f1e29a27d140b4fd7f9ce7731') in 0.012981 seconds 
========================================================================
Received Import Request.
  Time since last request: 1767.540575 seconds.
  path: Assets/kodlar/butonlar/oynabtn.cs
  artifactKey: Guid(37fb1574276004043a50354cb773ead5) Importer(815301076,1909f56bfc062723c751e8b465ee728b)
Start importing Assets/kodlar/butonlar/oynabtn.cs using Guid(37fb1574276004043a50354cb773ead5) Importer(815301076,1909f56bfc062723c751e8b465ee728b)  -> (artifact id: '6d3070db8ac60fa58bf18c598f62babf') in 0.002968 seconds 
========================================================================
Received Import Request.
  Time since last request: 1006.219609 seconds.
  path: Assets/arayüzler/CAN.png
  artifactKey: Guid(c7d9357ffc8706749b705fb2bd4dd522) Importer(815301076,1909f56bfc062723c751e8b465ee728b)
Start importing Assets/arayüzler/CAN.png using Guid(c7d9357ffc8706749b705fb2bd4dd522) Importer(815301076,1909f56bfc062723c751e8b465ee728b)  -> (artifact id: '0ff70f64434a324732a9646bee43fc68') in 0.595130 seconds 
========================================================================
Received Import Request.
  Time since last request: 2689.024687 seconds.
  path: Assets/kodlar/butonlar/nesnedöndür.cs
  artifactKey: Guid(10d343fb3c507934a860ae407b41d157) Importer(815301076,1909f56bfc062723c751e8b465ee728b)
Start importing Assets/kodlar/butonlar/nesnedöndür.cs using Guid(10d343fb3c507934a860ae407b41d157) Importer(815301076,1909f56bfc062723c751e8b465ee728b)  -> (artifact id: '94503b17b812b5750fa4460c1ebb6519') in 0.010758 seconds 
========================================================================
Received Import Request.
  Time since last request: 5400.338552 seconds.
  path: Assets/kodlar/skor.cs
  artifactKey: Guid(c465090fc3d52e9478869016c37616aa) Importer(815301076,1909f56bfc062723c751e8b465ee728b)
Start importing Assets/kodlar/skor.cs using Guid(c465090fc3d52e9478869016c37616aa) Importer(815301076,1909f56bfc062723c751e8b465ee728b)  -> (artifact id: '3bdf849f4c5156c2ae4f73bb739245e5') in 0.130304 seconds 
========================================================================
Received Import Request.
  Time since last request: 38.392335 seconds.
  path: Assets/kodlar/butonlar/dvmbtn.cs
  artifactKey: Guid(b90438a70fffbff4eb8aac1e0379f9d6) Importer(815301076,1909f56bfc062723c751e8b465ee728b)
Start importing Assets/kodlar/butonlar/dvmbtn.cs using Guid(b90438a70fffbff4eb8aac1e0379f9d6) Importer(815301076,1909f56bfc062723c751e8b465ee728b)  -> (artifact id: '9257c583c0b42883551a31b1fee919bc') in 0.033523 seconds 
========================================================================
Received Import Request.
  Time since last request: 28.711911 seconds.
  path: Assets/kodlar/butonlar/oynabtn.cs
  artifactKey: Guid(37fb1574276004043a50354cb773ead5) Importer(815301076,1909f56bfc062723c751e8b465ee728b)
Start importing Assets/kodlar/butonlar/oynabtn.cs using Guid(37fb1574276004043a50354cb773ead5) Importer(815301076,1909f56bfc062723c751e8b465ee728b)  -> (artifact id: '78d97800d503a49fd9acb9ea0ecd5b37') in 0.118880 seconds 
========================================================================
Received Import Request.
  Time since last request: 249.594700 seconds.
  path: Assets/Scenes/SampleScene.unity
  artifactKey: Guid(9fc0d4010bbf28b4594072e72b8655ab) Importer(815301076,1909f56bfc062723c751e8b465ee728b)
Start importing Assets/Scenes/SampleScene.unity using Guid(9fc0d4010bbf28b4594072e72b8655ab) Importer(815301076,1909f56bfc062723c751e8b465ee728b)  -> (artifact id: 'a0882a00d1c4038886675defc9cf3968') in 0.104799 seconds 
========================================================================
Received Import Request.
  Time since last request: 410.651671 seconds.
  path: Assets/Scenes/başlangıç.unity
  artifactKey: Guid(9fc0d4010bbf28b4594072e72b8655ab) Importer(815301076,1909f56bfc062723c751e8b465ee728b)
Start importing Assets/Scenes/başlangıç.unity using Guid(9fc0d4010bbf28b4594072e72b8655ab) Importer(815301076,1909f56bfc062723c751e8b465ee728b)  -> (artifact id: '0f4caebdf5799f9bf20244d0c66a0e29') in 0.020972 seconds 
========================================================================
Received Import Request.
  Time since last request: 568.739083 seconds.
  path: Assets/Scenes/alan.unity
  artifactKey: Guid(6c421a650a4682e4dae6e44e51834632) Importer(815301076,1909f56bfc062723c751e8b465ee728b)
Start importing Assets/Scenes/alan.unity using Guid(6c421a650a4682e4dae6e44e51834632) Importer(815301076,1909f56bfc062723c751e8b465ee728b)  -> (artifact id: 'c176908d08b58788a63483f25e16379f') in 0.155280 seconds 
========================================================================
Received Import Request.
  Time since last request: 5980.606217 seconds.
  path: Assets/Samples/Timeline/1.6.4/Customization Samples
  artifactKey: Guid(5f433e995b5140941ac712219965c29f) Importer(815301076,1909f56bfc062723c751e8b465ee728b)
Start importing Assets/Samples/Timeline/1.6.4/Customization Samples using Guid(5f433e995b5140941ac712219965c29f) Importer(815301076,1909f56bfc062723c751e8b465ee728b)  -> (artifact id: 'f9d684cd606a947f02604d91c00cd7c2') in 0.116883 seconds 
